<?xml version="1.0" encoding="UTF-8"?>
<!-- Generated by org.testng.reporters.JUnitReportReporter -->
<testsuite hostname="DESKTOP-D1M9H04" failures="0" tests="1" name="testCases.LoginTestCase" time="21.604" errors="0" timestamp="2024-01-02T00:24:52 IST" skipped="0">
  <testcase classname="testCases.LoginTestCase" name="oginTestCase" time="21.604"/>
</testsuite> <!-- testCases.LoginTestCase -->
